app/build/outputs/logs/manifest-merger-release-report.txt
-- Merging decision tree log ---
provider#androidx.core.content.FileProvider
INJECTED from src\main\AndroidManifest.xml:183:9-191:20
	android:grantUriPermissions
		ADDED from src\main\AndroidManifest.xml:187:13-47
	android:authorities
		INJECTED from src\main\AndroidManifest.xml
		ADDED from src\main\AndroidManifest.xml:185:13-60
	android:exported
		ADDED from src\main\AndroidManifest.xml:186:13-37
	android:name
		ADDED from src\main\AndroidManifest.xml:184:13-62
manifest
ADDED from src\main\AndroidManifest.xml:2:1-226:12
INJECTED from src\main\AndroidManifest.xml:2:1-226:12
INJECTED from src\main\AndroidManifest.xml:2:1-226:12
INJECTED from src\main\AndroidManifest.xml:2:1-226:12
MERGED from [com.nex3z:flow-layout:1.2.4] AndroidManifest.xml:2:1-13:12
MERGED from [me.dm7.barcodescanner:zxing:1.9.8] AndroidManifest.xml:2:1-13:12
MERGED from [me.dm7.barcodescanner:core:1.9.8] AndroidManifest.xml:2:1-13:12
MERGED from [com.github.barteksc:android-pdf-viewer:3.0.0-beta.5] AndroidManifest.xml:2:1-11:12
MERGED from [com.github.barteksc:pdfium-android:1.8.2] AndroidManifest.xml:2:1-11:12
MERGED from [io.nlopez.smartlocation:library:3.3.3] AndroidManifest.xml:2:1-30:12
MERGED from [com.google.android.gms:play-services-location:11.4.2] AndroidManifest.xml:2:1-5:12
MERGED from [com.google.android.gms:play-services-base:11.4.2] AndroidManifest.xml:16:1-21:12
MERGED from [com.google.android.gms:play-services-tasks:11.4.2] AndroidManifest.xml:2:1-5:12
MERGED from [com.google.android.gms:play-services-basement:11.4.2] AndroidManifest.xml:16:1-23:12
MERGED from [androidx.legacy:legacy-support-v4:1.0.0] AndroidManifest.xml:17:1-22:12
MERGED from [net.alhazmy13.catcho:library:1.1.0] AndroidManifest.xml:2:1-19:12
MERGED from [com.github.lawloretienne:discreteslider:0.0.9] AndroidManifest.xml:2:1-17:12
MERGED from [com.google.android.material:material:1.0.0] AndroidManifest.xml:17:1-24:12
MERGED from [com.yarolegovich:discrete-scrollview:1.4.9] AndroidManifest.xml:2:1-12:12
MERGED from [com.github.igalata:Bubble-Picker:v0.2.4] AndroidManifest.xml:2:1-14:12
MERGED from [com.amitshekhar.android:android-networking:1.0.2] AndroidManifest.xml:18:1-27:12
MERGED from [com.airbnb.android:lottie:2.7.0] AndroidManifest.xml:2:1-13:12
MERGED from [io.github.storix:rxdiffutil:0.3.2] AndroidManifest.xml:25:1-37:12
MERGED from [com.github.joielechong:zip4jandroid:1.0.1] AndroidManifest.xml:2:1-17:12
MERGED from [com.an.customfontview:customfont:0.1.0] AndroidManifest.xml:2:1-16:12
MERGED from [com.elconfidencial.bubbleshowcase:bubbleshowcase:1.0.1] AndroidManifest.xml:2:1-11:12
MERGED from [com.hanks:htextview-typer:0.1.6] AndroidManifest.xml:2:1-16:12
MERGED from [com.hanks:htextview-base:0.1.6] AndroidManifest.xml:2:1-11:12
MERGED from [com.github.peter1492:LongScreenshot:1.0] AndroidManifest.xml:2:1-11:12
MERGED from [androidx.appcompat:appcompat:1.0.0] AndroidManifest.xml:17:1-22:12
MERGED from [androidx.constraintlayout:constraintlayout:1.1.3] AndroidManifest.xml:2:1-11:12
MERGED from [androidx.cardview:cardview:1.0.0] AndroidManifest.xml:17:1-22:12
MERGED from [com.isupatches:wisefy:3.0.1] AndroidManifest.xml:2:1-20:12
MERGED from [androidx.room:room-runtime:2.0.0] AndroidManifest.xml:17:1-22:12
MERGED from [androidx.palette:palette:1.0.0] AndroidManifest.xml:17:1-22:12
MERGED from [androidx.lifecycle:lifecycle-extensions:2.0.0] AndroidManifest.xml:17:1-25:12
MERGED from [androidx.fragment:fragment:1.0.0] AndroidManifest.xml:17:1-22:12
MERGED from [androidx.vectordrawable:vectordrawable-animated:1.0.0] AndroidManifest.xml:17:1-22:12
MERGED from [androidx.recyclerview:recyclerview:1.0.0] AndroidManifest.xml:17:1-22:12
MERGED from [androidx.legacy:legacy-support-core-ui:1.0.0] AndroidManifest.xml:17:1-22:12
MERGED from [androidx.legacy:legacy-support-core-utils:1.0.0] AndroidManifest.xml:17:1-22:12
MERGED from [com.google.android.exoplayer:exoplayer:2.11.3] AndroidManifest.xml:17:1-24:12
MERGED from [com.google.android.exoplayer:exoplayer-ui:2.11.3] AndroidManifest.xml:17:1-24:12
MERGED from [androidx.media:media:1.0.1] AndroidManifest.xml:17:1-22:12
MERGED from [androidx.vectordrawable:vectordrawable:1.0.0] AndroidManifest.xml:17:1-22:12
MERGED from [androidx.transition:transition:1.0.0] AndroidManifest.xml:17:1-22:12
MERGED from [com.jakewharton:butterknife:10.0.0] AndroidManifest.xml:2:1-7:12
MERGED from [com.jakewharton:butterknife-runtime:10.0.0] AndroidManifest.xml:2:1-7:12
MERGED from [androidx.loader:loader:1.0.0] AndroidManifest.xml:17:1-22:12
MERGED from [androidx.viewpager:viewpager:1.0.0] AndroidManifest.xml:17:1-22:12
MERGED from [androidx.coordinatorlayout:coordinatorlayout:1.0.0] AndroidManifest.xml:17:1-22:12
MERGED from [androidx.drawerlayout:drawerlayout:1.0.0] AndroidManifest.xml:17:1-22:12
MERGED from [androidx.slidingpanelayout:slidingpanelayout:1.0.0] AndroidManifest.xml:17:1-22:12
MERGED from [androidx.customview:customview:1.0.0] AndroidManifest.xml:17:1-22:12
MERGED from [androidx.swiperefreshlayout:swiperefreshlayout:1.0.0] AndroidManifest.xml:17:1-22:12
MERGED from [androidx.asynclayoutinflater:asynclayoutinflater:1.0.0] AndroidManifest.xml:17:1-22:12
MERGED from [androidx.core:core:1.0.1] AndroidManifest.xml:17:1-24:12
MERGED from [androidx.versionedparcelable:versionedparcelable:1.0.0] AndroidManifest.xml:17:1-25:12
MERGED from [androidx.cursoradapter:cursoradapter:1.0.0] AndroidManifest.xml:17:1-22:12
MERGED from [androidx.lifecycle:lifecycle-process:2.0.0] AndroidManifest.xml:17:1-30:12
MERGED from [androidx.lifecycle:lifecycle-service:2.0.0] AndroidManifest.xml:17:1-22:12
MERGED from [androidx.lifecycle:lifecycle-runtime:2.0.0] AndroidManifest.xml:17:1-22:12
MERGED from [androidx.lifecycle:lifecycle-livedata:2.0.0] AndroidManifest.xml:17:1-22:12
MERGED from [androidx.lifecycle:lifecycle-livedata-core:2.0.0] AndroidManifest.xml:17:1-22:12
MERGED from [androidx.arch.core:core-runtime:2.0.0] AndroidManifest.xml:17:1-22:12
MERGED from [androidx.lifecycle:lifecycle-viewmodel:2.0.0] AndroidManifest.xml:17:1-22:12
MERGED from [androidx.sqlite:sqlite-framework:2.0.0] AndroidManifest.xml:17:1-22:12
MERGED from [androidx.sqlite:sqlite:2.0.0] AndroidManifest.xml:17:1-22:12
MERGED from [com.google.android.exoplayer:exoplayer-dash:2.11.3] AndroidManifest.xml:17:1-24:12
MERGED from [com.google.android.exoplayer:exoplayer-hls:2.11.3] AndroidManifest.xml:17:1-24:12
MERGED from [com.google.android.exoplayer:exoplayer-smoothstreaming:2.11.3] AndroidManifest.xml:17:1-24:12
MERGED from [com.google.android.exoplayer:exoplayer-core:2.11.3] AndroidManifest.xml:17:1-26:12
MERGED from [androidx.documentfile:documentfile:1.0.0] AndroidManifest.xml:17:1-22:12
MERGED from [androidx.localbroadcastmanager:localbroadcastmanager:1.0.0] AndroidManifest.xml:17:1-22:12
MERGED from [androidx.print:print:1.0.0] AndroidManifest.xml:17:1-22:12
MERGED from [androidx.interpolator:interpolator:1.0.0] AndroidManifest.xml:17:1-22:12
MERGED from [com.google.android:flexbox:1.0.0] AndroidManifest.xml:17:1-27:12
MERGED from [com.google.android.play:core:1.7.3] AndroidManifest.xml:2:1-19:12
MERGED from [com.github.lzyzsd:circleprogress:1.2.1] AndroidManifest.xml:2:1-12:12
MERGED from [com.intuit.sdp:sdp-android:1.0.6] AndroidManifest.xml:2:1-11:12
MERGED from [com.journeyapps:zxing-android-embedded:3.3.0] AndroidManifest.xml:17:1-55:12
MERGED from [com.github.anastr:flattimelib:1.0.3] AndroidManifest.xml:2:1-14:12
MERGED from [com.facebook.fresco:fresco:1.13.0] AndroidManifest.xml:2:1-9:12
MERGED from [com.facebook.fresco:animated-gif:0.14.1] AndroidManifest.xml:2:1-9:12
MERGED from [com.archit.calendar:awesome-calendar:1.1.4] AndroidManifest.xml:2:1-17:12
MERGED from [io.reactivex:rxandroid:1.2.0] AndroidManifest.xml:15:1-21:12
MERGED from [io.reactivex.rxjava2:rxandroid:2.0.1] AndroidManifest.xml:15:1-21:12
MERGED from [com.facebook.fresco:drawee:1.13.0] AndroidManifest.xml:2:1-9:12
MERGED from [com.facebook.fresco:nativeimagefilters:1.13.0] AndroidManifest.xml:2:1-9:12
MERGED from [com.facebook.fresco:animated-base:0.14.1] AndroidManifest.xml:2:1-9:12
MERGED from [com.facebook.fresco:imagepipeline:1.13.0] AndroidManifest.xml:2:1-9:12
MERGED from [com.facebook.fresco:nativeimagetranscoder:1.13.0] AndroidManifest.xml:2:1-9:12
MERGED from [com.facebook.fresco:imagepipeline-base:1.13.0] AndroidManifest.xml:2:1-9:12
MERGED from [com.facebook.fresco:fbcore:1.13.0] AndroidManifest.xml:2:1-9:12
MERGED from [com.facebook.soloader:soloader:0.6.0] AndroidManifest.xml:2:1-13:12
MERGED from [com.google.android.gms:play-services-location-license:11.4.2] AndroidManifest.xml:2:1-6:12
MERGED from [com.google.android.gms:play-services-base-license:11.4.2] AndroidManifest.xml:2:1-6:12
MERGED from [com.google.android.gms:play-services-basement-license:11.4.2] AndroidManifest.xml:2:1-6:12
MERGED from [com.google.android.gms:play-services-tasks-license:11.4.2] AndroidManifest.xml:2:1-6:12
INJECTED from src\main\AndroidManifest.xml:2:1-226:12
INJECTED from src\main\AndroidManifest.xml:2:1-226:12
INJECTED from src\main\AndroidManifest.xml:2:1-226:12
	package
		ADDED from src\main\AndroidManifest.xml:4:5-37
		INJECTED from src\main\AndroidManifest.xml
		INJECTED from src\main\AndroidManifest.xml
	android:versionName
		INJECTED from src\main\AndroidManifest.xml
		ADDED from src\main\AndroidManifest.xml:2:1-226:12
		INJECTED from src\main\AndroidManifest.xml
	xmlns:tools
		ADDED from src\main\AndroidManifest.xml:3:5-51
	android:versionCode
		INJECTED from src\main\AndroidManifest.xml
		ADDED from src\main\AndroidManifest.xml:2:1-226:12
		INJECTED from src\main\AndroidManifest.xml
	xmlns:android
		ADDED from src\main\AndroidManifest.xml:2:11-69
application
ADDED from src\main\AndroidManifest.xml:6:5-194:19
MERGED from [com.nex3z:flow-layout:1.2.4] AndroidManifest.xml:11:5-20
MERGED from [com.nex3z:flow-layout:1.2.4] AndroidManifest.xml:11:5-20
MERGED from [me.dm7.barcodescanner:zxing:1.9.8] AndroidManifest.xml:11:5-20
MERGED from [me.dm7.barcodescanner:zxing:1.9.8] AndroidManifest.xml:11:5-20
MERGED from [me.dm7.barcodescanner:core:1.9.8] AndroidManifest.xml:11:5-20
MERGED from [me.dm7.barcodescanner:core:1.9.8] AndroidManifest.xml:11:5-20
MERGED from [io.nlopez.smartlocation:library:3.3.3] AndroidManifest.xml:18:5-28:19
MERGED from [io.nlopez.smartlocation:library:3.3.3] AndroidManifest.xml:18:5-28:19
MERGED from [com.google.android.gms:play-services-location:11.4.2] AndroidManifest.xml:4:5-19
MERGED from [com.google.android.gms:play-services-location:11.4.2] AndroidManifest.xml:4:5-19
MERGED from [com.google.android.gms:play-services-base:11.4.2] AndroidManifest.xml:18:5-20:19
MERGED from [com.google.android.gms:play-services-base:11.4.2] AndroidManifest.xml:18:5-20:19
MERGED from [com.google.android.gms:play-services-tasks:11.4.2] AndroidManifest.xml:4:5-19
MERGED from [com.google.android.gms:play-services-tasks:11.4.2] AndroidManifest.xml:4:5-19
MERGED from [com.google.android.gms:play-services-basement:11.4.2] AndroidManifest.xml:19:5-21:19
MERGED from [com.google.android.gms:play-services-basement:11.4.2] AndroidManifest.xml:19:5-21:19
MERGED from [net.alhazmy13.catcho:library:1.1.0] AndroidManifest.xml:13:5-17:19
MERGED from [net.alhazmy13.catcho:library:1.1.0] AndroidManifest.xml:13:5-17:19
MERGED from [com.github.lawloretienne:discreteslider:0.0.9] AndroidManifest.xml:11:5-15:19
MERGED from [com.github.lawloretienne:discreteslider:0.0.9] AndroidManifest.xml:11:5-15:19
MERGED from [com.google.android.material:material:1.0.0] AndroidManifest.xml:22:5-20
MERGED from [com.google.android.material:material:1.0.0] AndroidManifest.xml:22:5-20
MERGED from [com.github.igalata:Bubble-Picker:v0.2.4] AndroidManifest.xml:12:5-20
MERGED from [com.github.igalata:Bubble-Picker:v0.2.4] AndroidManifest.xml:12:5-20
MERGED from [com.airbnb.android:lottie:2.7.0] AndroidManifest.xml:11:5-20
MERGED from [com.airbnb.android:lottie:2.7.0] AndroidManifest.xml:11:5-20
MERGED from [io.github.storix:rxdiffutil:0.3.2] AndroidManifest.xml:35:5-20
MERGED from [io.github.storix:rxdiffutil:0.3.2] AndroidManifest.xml:35:5-20
MERGED from [com.github.joielechong:zip4jandroid:1.0.1] AndroidManifest.xml:11:5-15:19
MERGED from [com.github.joielechong:zip4jandroid:1.0.1] AndroidManifest.xml:11:5-15:19
MERGED from [com.an.customfontview:customfont:0.1.0] AndroidManifest.xml:11:5-14:19
MERGED from [com.an.customfontview:customfont:0.1.0] AndroidManifest.xml:11:5-14:19
MERGED from [com.hanks:htextview-typer:0.1.6] AndroidManifest.xml:11:5-14:19
MERGED from [com.hanks:htextview-typer:0.1.6] AndroidManifest.xml:11:5-14:19
MERGED from [androidx.constraintlayout:constraintlayout:1.1.3] AndroidManifest.xml:9:5-20
MERGED from [androidx.constraintlayout:constraintlayout:1.1.3] AndroidManifest.xml:9:5-20
MERGED from [com.isupatches:wisefy:3.0.1] AndroidManifest.xml:18:5-20
MERGED from [com.isupatches:wisefy:3.0.1] AndroidManifest.xml:18:5-20
MERGED from [androidx.lifecycle:lifecycle-extensions:2.0.0] AndroidManifest.xml:22:5-23:19
MERGED from [androidx.lifecycle:lifecycle-extensions:2.0.0] AndroidManifest.xml:22:5-23:19
MERGED from [androidx.core:core:1.0.1] AndroidManifest.xml:22:5-89
MERGED from [androidx.core:core:1.0.1] AndroidManifest.xml:22:5-89
MERGED from [androidx.versionedparcelable:versionedparcelable:1.0.0] AndroidManifest.xml:22:5-23:19
MERGED from [androidx.versionedparcelable:versionedparcelable:1.0.0] AndroidManifest.xml:22:5-23:19
MERGED from [androidx.lifecycle:lifecycle-process:2.0.0] AndroidManifest.xml:22:5-28:19
MERGED from [androidx.lifecycle:lifecycle-process:2.0.0] AndroidManifest.xml:22:5-28:19
MERGED from [com.google.android.play:core:1.7.3] AndroidManifest.xml:10:3-17:17
MERGED from [com.google.android.play:core:1.7.3] AndroidManifest.xml:10:3-17:17
MERGED from [com.journeyapps:zxing-android-embedded:3.3.0] AndroidManifest.xml:45:5-53:19
MERGED from [com.journeyapps:zxing-android-embedded:3.3.0] AndroidManifest.xml:45:5-53:19
MERGED from [com.github.anastr:flattimelib:1.0.3] AndroidManifest.xml:11:5-12:19
MERGED from [com.github.anastr:flattimelib:1.0.3] AndroidManifest.xml:11:5-12:19
MERGED from [com.archit.calendar:awesome-calendar:1.1.4] AndroidManifest.xml:11:5-15:19
MERGED from [com.archit.calendar:awesome-calendar:1.1.4] AndroidManifest.xml:11:5-15:19
MERGED from [com.facebook.soloader:soloader:0.6.0] AndroidManifest.xml:11:5-20
MERGED from [com.facebook.soloader:soloader:0.6.0] AndroidManifest.xml:11:5-20
MERGED from [com.google.android.gms:play-services-location-license:11.4.2] AndroidManifest.xml:5:5-20
MERGED from [com.google.android.gms:play-services-location-license:11.4.2] AndroidManifest.xml:5:5-20
MERGED from [com.google.android.gms:play-services-base-license:11.4.2] AndroidManifest.xml:5:5-20
MERGED from [com.google.android.gms:play-services-base-license:11.4.2] AndroidManifest.xml:5:5-20
MERGED from [com.google.android.gms:play-services-basement-license:11.4.2] AndroidManifest.xml:5:5-20
MERGED from [com.google.android.gms:play-services-basement-license:11.4.2] AndroidManifest.xml:5:5-20
MERGED from [com.google.android.gms:play-services-tasks-license:11.4.2] AndroidManifest.xml:5:5-20
MERGED from [com.google.android.gms:play-services-tasks-license:11.4.2] AndroidManifest.xml:5:5-20
	android:requestLegacyExternalStorage
		ADDED from src\main\AndroidManifest.xml:16:9-52
	android:appComponentFactory
		ADDED from [androidx.core:core:1.0.1] AndroidManifest.xml:22:18-86
	android:supportsRtl
		ADDED from src\main\AndroidManifest.xml:14:9-35
	android:label
		ADDED from src\main\AndroidManifest.xml:11:9-41
	android:hardwareAccelerated
		ADDED from src\main\AndroidManifest.xml:9:9-43
	tools:ignore
		ADDED from src\main\AndroidManifest.xml:18:9-48
	android:roundIcon
		ADDED from src\main\AndroidManifest.xml:13:9-52
	android:largeHeap
		ADDED from src\main\AndroidManifest.xml:15:9-33
	android:icon
		ADDED from src\main\AndroidManifest.xml:10:9-41
	android:allowBackup
		ADDED from src\main\AndroidManifest.xml:8:9-35
	android:theme
		ADDED from src\main\AndroidManifest.xml:17:9-52
	android:networkSecurityConfig
		ADDED from src\main\AndroidManifest.xml:12:9-69
	android:name
		ADDED from src\main\AndroidManifest.xml:7:9-41
activity#com.pratham.foundation.ui.splash_activity.SplashActivity_
ADDED from src\main\AndroidManifest.xml:19:9-29:20
	android:screenOrientation
		ADDED from src\main\AndroidManifest.xml:21:13-49
	android:windowSoftInputMode
		ADDED from src\main\AndroidManifest.xml:23:13-56
	android:theme
		ADDED from src\main\AndroidManifest.xml:22:13-57
	android:name
		ADDED from src\main\AndroidManifest.xml:20:13-63
intent-filter#action:name:android.intent.action.MAIN+category:name:android.intent.category.LAUNCHER
ADDED from src\main\AndroidManifest.xml:24:13-28:29
action#android.intent.action.MAIN
ADDED from src\main\AndroidManifest.xml:25:17-69
	android:name
		ADDED from src\main\AndroidManifest.xml:25:25-66
category#android.intent.category.LAUNCHER
ADDED from src\main\AndroidManifest.xml:27:17-77
	android:name
		ADDED from src\main\AndroidManifest.xml:27:27-74
service#com.pratham.foundation.services.background_service.BackgroundPushService
ADDED from src\main\AndroidManifest.xml:31:9-34:19
	android:enabled
		ADDED from src\main\AndroidManifest.xml:33:13-35
	android:name
		ADDED from src\main\AndroidManifest.xml:32:13-78
receiver#com.pratham.foundation.services.background_service.BackgroundServiceRestarter
ADDED from src\main\AndroidManifest.xml:35:9-42:20
	android:enabled
		ADDED from src\main\AndroidManifest.xml:37:13-35
	android:exported
		ADDED from src\main\AndroidManifest.xml:38:13-36
	android:name
		ADDED from src\main\AndroidManifest.xml:36:13-83
intent-filter#action:name:BackgroundServiceRestarter
ADDED from src\main\AndroidManifest.xml:39:13-41:29
action#BackgroundServiceRestarter
ADDED from src\main\AndroidManifest.xml:40:17-69
	android:name
		ADDED from src\main\AndroidManifest.xml:40:25-66
activity#com.pratham.foundation.ui.contentPlayer.webviewpdf.PDFViewActivity_
ADDED from src\main\AndroidManifest.xml:44:9-46:50
	android:screenOrientation
		ADDED from src\main\AndroidManifest.xml:46:13-47
	android:name
		ADDED from src\main\AndroidManifest.xml:45:13-73
activity#com.pratham.foundation.ui.contentPlayer.pictionary.PictionaryResult
ADDED from src\main\AndroidManifest.xml:47:9-49:52
	android:screenOrientation
		ADDED from src\main\AndroidManifest.xml:49:13-49
	android:name
		ADDED from src\main\AndroidManifest.xml:48:13-73
activity#com.pratham.foundation.ui.selectSubject.SelectSubject_
ADDED from src\main\AndroidManifest.xml:50:9-52:52
	android:screenOrientation
		ADDED from src\main\AndroidManifest.xml:52:13-49
	android:name
		ADDED from src\main\AndroidManifest.xml:51:13-60
activity#com.pratham.foundation.ui.admin_panel.andmin_login_new.enrollmentid.AddEnrollmentId_
ADDED from src\main\AndroidManifest.xml:53:9-55:52
	android:screenOrientation
		ADDED from src\main\AndroidManifest.xml:55:13-49
	android:name
		ADDED from src\main\AndroidManifest.xml:54:13-90
activity#com.pratham.foundation.ui.app_home.profile_new.course_enrollment.CourseEnrollmentActivity_
ADDED from src\main\AndroidManifest.xml:56:9-58:52
	android:screenOrientation
		ADDED from src\main\AndroidManifest.xml:58:13-49
	android:name
		ADDED from src\main\AndroidManifest.xml:57:13-96
activity#com.pratham.foundation.ui.admin_panel.fragment_admin_panel.tab_usage.TabUsageActivity_
ADDED from src\main\AndroidManifest.xml:59:9-61:52
	android:screenOrientation
		ADDED from src\main\AndroidManifest.xml:61:13-49
	android:name
		ADDED from src\main\AndroidManifest.xml:60:13-92
activity#com.pratham.foundation.BaseActivity
ADDED from src\main\AndroidManifest.xml:62:9-64:52
	android:screenOrientation
		ADDED from src\main\AndroidManifest.xml:64:13-49
	android:name
		ADDED from src\main\AndroidManifest.xml:63:13-41
activity#com.pratham.foundation.ui.admin_panel.AdminControlsActivity_
ADDED from src\main\AndroidManifest.xml:65:9-67:52
	android:screenOrientation
		ADDED from src\main\AndroidManifest.xml:67:13-49
	android:name
		ADDED from src\main\AndroidManifest.xml:66:13-66
activity#com.pratham.foundation.ui.contentPlayer.pdf_display.Fragment_PdfViewer_
ADDED from src\main\AndroidManifest.xml:68:9-70:54
	android:screenOrientation
		ADDED from src\main\AndroidManifest.xml:70:13-51
	android:name
		ADDED from src\main\AndroidManifest.xml:69:13-77
activity#com.pratham.foundation.ui.admin_panel.andmin_login_new.AdminConsoleActivityNew_
ADDED from src\main\AndroidManifest.xml:71:9-73:52
	android:screenOrientation
		ADDED from src\main\AndroidManifest.xml:73:13-49
	android:name
		ADDED from src\main\AndroidManifest.xml:72:13-85
activity#com.pratham.foundation.ui.admin_panel.MenuActivity_
ADDED from src\main\AndroidManifest.xml:74:9-76:52
	android:screenOrientation
		ADDED from src\main\AndroidManifest.xml:76:13-49
	android:name
		ADDED from src\main\AndroidManifest.xml:75:13-57
activity#com.pratham.foundation.ui.admin_panel.assign_groups.Activity_AssignGroups_
ADDED from src\main\AndroidManifest.xml:77:9-79:52
	android:screenOrientation
		ADDED from src\main\AndroidManifest.xml:79:13-49
	android:name
		ADDED from src\main\AndroidManifest.xml:78:13-80
activity#com.pratham.foundation.ui.app_home.profile_new.certificate_display.CertificateDisplayActivity_
ADDED from src\main\AndroidManifest.xml:80:9-82:52
	android:screenOrientation
		ADDED from src\main\AndroidManifest.xml:82:13-49
	android:name
		ADDED from src\main\AndroidManifest.xml:81:13-100
activity#com.pratham.foundation.ui.group_selection.SelectGroupActivity_
ADDED from src\main\AndroidManifest.xml:83:9-85:52
	android:screenOrientation
		ADDED from src\main\AndroidManifest.xml:85:13-49
	android:name
		ADDED from src\main\AndroidManifest.xml:84:13-68
activity#com.pratham.foundation.ui.app_home.HomeActivity_
ADDED from src\main\AndroidManifest.xml:86:9-88:52
	android:screenOrientation
		ADDED from src\main\AndroidManifest.xml:88:13-49
	android:name
		ADDED from src\main\AndroidManifest.xml:87:13-54
activity#com.pratham.foundation.ui.app_home.profile_new.display_image_ques_list.DisplayImageQuesActivity_
ADDED from src\main\AndroidManifest.xml:89:9-91:52
	android:screenOrientation
		ADDED from src\main\AndroidManifest.xml:91:13-49
	android:name
		ADDED from src\main\AndroidManifest.xml:90:13-102
activity#com.pratham.foundation.ui.app_home.display_content.ContentDisplay_
ADDED from src\main\AndroidManifest.xml:92:9-94:52
	android:screenOrientation
		ADDED from src\main\AndroidManifest.xml:94:13-49
	android:name
		ADDED from src\main\AndroidManifest.xml:93:13-72
activity#com.pratham.foundation.ui.app_home.profile_new.chat_display_list.DisplayChatActivity_
ADDED from src\main\AndroidManifest.xml:95:9-97:52
	android:screenOrientation
		ADDED from src\main\AndroidManifest.xml:97:13-49
	android:name
		ADDED from src\main\AndroidManifest.xml:96:13-91
activity#com.pratham.foundation.ui.app_home.profile_new.show_image_question.ShowImgQuestionActivity_
ADDED from src\main\AndroidManifest.xml:98:9-100:52
	android:screenOrientation
		ADDED from src\main\AndroidManifest.xml:100:13-49
	android:name
		ADDED from src\main\AndroidManifest.xml:99:13-97
activity#com.pratham.foundation.ui.admin_panel.fragment_admin_panel.PushOrAssign.PushDataActivity_
ADDED from src\main\AndroidManifest.xml:101:9-103:52
	android:screenOrientation
		ADDED from src\main\AndroidManifest.xml:103:13-49
	android:name
		ADDED from src\main\AndroidManifest.xml:102:13-95
activity#com.pratham.foundation.ui.contentPlayer.ContentPlayerActivity_
ADDED from src\main\AndroidManifest.xml:104:9-106:52
	android:screenOrientation
		ADDED from src\main\AndroidManifest.xml:106:13-49
	android:name
		ADDED from src\main\AndroidManifest.xml:105:13-68
activity#com.pratham.foundation.ui.contentPlayer.old_cos.reading_cards.ReadingCardsActivity_
ADDED from src\main\AndroidManifest.xml:107:9-109:59
	android:screenOrientation
		ADDED from src\main\AndroidManifest.xml:109:13-56
	android:name
		ADDED from src\main\AndroidManifest.xml:108:13-89
activity#com.pratham.foundation.customView.display_image_dialog.Activity_DisplayImage_
ADDED from src\main\AndroidManifest.xml:110:9-113:54
	android:screenOrientation
		ADDED from src\main\AndroidManifest.xml:112:13-49
	android:theme
		ADDED from src\main\AndroidManifest.xml:113:13-51
	android:name
		ADDED from src\main\AndroidManifest.xml:111:13-83
activity#com.pratham.foundation.ui.contentPlayer.web_view.WebViewActivity_
ADDED from src\main\AndroidManifest.xml:114:9-116:59
	android:screenOrientation
		ADDED from src\main\AndroidManifest.xml:116:13-56
	android:name
		ADDED from src\main\AndroidManifest.xml:115:13-71
activity#com.pratham.foundation.ui.contentPlayer.old_cos.conversation.ConversationActivity_
ADDED from src\main\AndroidManifest.xml:117:9-119:52
	android:screenOrientation
		ADDED from src\main\AndroidManifest.xml:119:13-49
	android:name
		ADDED from src\main\AndroidManifest.xml:118:13-88
activity#com.pratham.foundation.ui.contentPlayer.reading_story_activity.ReadingStoryActivity_
ADDED from src\main\AndroidManifest.xml:120:9-122:52
	android:screenOrientation
		ADDED from src\main\AndroidManifest.xml:122:13-49
	android:name
		ADDED from src\main\AndroidManifest.xml:121:13-90
activity#com.pratham.foundation.ui.contentPlayer.reading_paragraphs.ReadingParagraphsActivity_
ADDED from src\main\AndroidManifest.xml:123:9-125:52
	android:screenOrientation
		ADDED from src\main\AndroidManifest.xml:125:13-49
	android:name
		ADDED from src\main\AndroidManifest.xml:124:13-91
activity#com.pratham.foundation.ui.contentPlayer.vocabulary_qa.ReadingVocabularyActivity_
ADDED from src\main\AndroidManifest.xml:126:9-128:52
	android:screenOrientation
		ADDED from src\main\AndroidManifest.xml:128:13-49
	android:name
		ADDED from src\main\AndroidManifest.xml:127:13-86
activity#com.pratham.foundation.ui.contentPlayer.reading_rhyming.ReadingRhymesActivity_
ADDED from src\main\AndroidManifest.xml:129:9-131:52
	android:screenOrientation
		ADDED from src\main\AndroidManifest.xml:131:13-49
	android:name
		ADDED from src\main\AndroidManifest.xml:130:13-84
activity#com.pratham.foundation.ui.contentPlayer.opposites.OppositesActivity_
ADDED from src\main\AndroidManifest.xml:132:9-134:52
	android:screenOrientation
		ADDED from src\main\AndroidManifest.xml:134:13-49
	android:name
		ADDED from src\main\AndroidManifest.xml:133:13-74
activity#com.pratham.foundation.ui.contentPlayer.matchingPairGame.MatchThePairGameActivity
ADDED from src\main\AndroidManifest.xml:135:9-137:59
	android:screenOrientation
		ADDED from src\main\AndroidManifest.xml:137:13-56
	android:name
		ADDED from src\main\AndroidManifest.xml:136:13-87
activity#com.pratham.foundation.ui.contentPlayer.video_view.ActivityVideoView_
ADDED from src\main\AndroidManifest.xml:138:9-140:59
	android:screenOrientation
		ADDED from src\main\AndroidManifest.xml:140:13-56
	android:name
		ADDED from src\main\AndroidManifest.xml:139:13-75
activity#com.pratham.foundation.ui.contentPlayer.video_player.ActivityVideoPlayer_
ADDED from src\main\AndroidManifest.xml:141:9-143:59
	android:screenOrientation
		ADDED from src\main\AndroidManifest.xml:143:13-56
	android:name
		ADDED from src\main\AndroidManifest.xml:142:13-79
activity#com.pratham.foundation.ui.contentPlayer.doing.FullScreenVideo_
ADDED from src\main\AndroidManifest.xml:144:9-146:59
	android:screenOrientation
		ADDED from src\main\AndroidManifest.xml:146:13-56
	android:name
		ADDED from src\main\AndroidManifest.xml:145:13-68
activity#com.pratham.foundation.utility.CatchoTransparentActivity
ADDED from src\main\AndroidManifest.xml:148:9-152:63
	android:screenOrientation
		ADDED from src\main\AndroidManifest.xml:151:13-49
	android:parentActivityName
		ADDED from src\main\AndroidManifest.xml:150:13-55
	android:windowSoftInputMode
		ADDED from src\main\AndroidManifest.xml:152:13-60
	android:name
		ADDED from src\main\AndroidManifest.xml:149:13-62
activity#com.pratham.foundation.customView.ProcessPhoenix
ADDED from src\main\AndroidManifest.xml:153:9-156:75
	android:process
		ADDED from src\main\AndroidManifest.xml:155:13-39
	android:theme
		ADDED from src\main\AndroidManifest.xml:156:13-72
	android:name
		ADDED from src\main\AndroidManifest.xml:154:13-54
activity#com.pratham.foundation.utility.SplashSupportActivity
ADDED from src\main\AndroidManifest.xml:157:9-67
	android:name
		ADDED from src\main\AndroidManifest.xml:157:19-64
activity#com.pratham.foundation.ui.splash_activity.SplashActivity
ADDED from src\main\AndroidManifest.xml:158:9-71
	android:name
		ADDED from src\main\AndroidManifest.xml:158:19-68
service#com.pratham.foundation.services.AppExitService
ADDED from src\main\AndroidManifest.xml:160:9-163:44
	android:enabled
		ADDED from src\main\AndroidManifest.xml:162:13-35
	android:stopWithTask
		ADDED from src\main\AndroidManifest.xml:163:13-41
	android:name
		ADDED from src\main\AndroidManifest.xml:161:13-52
service#com.pratham.foundation.services.LocationService
ADDED from src\main\AndroidManifest.xml:165:9-167:38
	android:enabled
		ADDED from src\main\AndroidManifest.xml:167:13-35
	android:name
		ADDED from src\main\AndroidManifest.xml:166:13-53
service#com.pratham.foundation.services.stt.ContinuousSpeechService_New
ADDED from src\main\AndroidManifest.xml:169:9-171:38
	android:enabled
		ADDED from src\main\AndroidManifest.xml:171:13-35
	android:name
		ADDED from src\main\AndroidManifest.xml:170:13-69
receiver#com.pratham.foundation.services.OTGListener
ADDED from src\main\AndroidManifest.xml:173:9-180:20
	android:enabled
		ADDED from src\main\AndroidManifest.xml:175:13-35
	android:name
		ADDED from src\main\AndroidManifest.xml:174:13-49
intent-filter#action:name:android.hardware.usb.action.USB_DEVICE_ATTACHED+action:name:android.hardware.usb.action.USB_DEVICE_DETACHED
ADDED from src\main\AndroidManifest.xml:176:13-179:29
action#android.hardware.usb.action.USB_DEVICE_ATTACHED
ADDED from src\main\AndroidManifest.xml:177:17-90
	android:name
		ADDED from src\main\AndroidManifest.xml:177:25-87